SF:lib/src/core/easy_audio_player.dart
DA:18,0
DA:22,0
DA:23,0
DA:24,0
DA:25,0
DA:26,0
DA:27,0
DA:31,0
DA:37,0
DA:41,0
LF:10
LH:0
end_of_record
SF:lib/src/core/audio_player_state.dart
DA:5,4
DA:9,4
DA:13,4
DA:18,2
DA:23,2
DA:27,4
DA:32,1
LF:7
LH:7
end_of_record
SF:lib/src/core/audio_player_config.dart
DA:17,0
LF:1
LH:0
end_of_record
SF:lib/src/models/audio_track.dart
DA:21,3
DA:34,1
DA:48,0
DA:49,0
DA:50,0
DA:52,0
DA:54,0
DA:56,0
DA:57,0
LF:9
LH:2
end_of_record
SF:lib/src/models/audio_player_error.dart
DA:9,2
LF:1
LH:1
end_of_record
SF:lib/src/models/audio_player_theme.dart
DA:17,8
DA:32,4
DA:33,8
DA:34,8
DA:35,4
DA:36,8
DA:37,8
DA:38,8
DA:39,8
DA:40,12
DA:41,8
DA:42,8
DA:43,8
DA:44,4
DA:45,4
DA:46,4
DA:51,4
DA:52,4
LF:18
LH:18
end_of_record
SF:lib/src/widgets/mini_player.dart
DA:35,1
DA:42,1
DA:44,1
DA:45,2
DA:47,1
DA:48,1
DA:49,1
DA:50,1
DA:51,1
DA:52,1
DA:53,1
DA:55,1
DA:56,1
DA:57,1
DA:58,1
DA:59,1
DA:65,1
DA:66,1
DA:68,1
DA:69,1
DA:70,1
DA:74,1
DA:75,1
DA:78,1
DA:79,1
DA:88,1
DA:89,1
DA:90,1
DA:91,1
DA:93,1
DA:95,0
DA:98,0
DA:100,0
DA:104,1
DA:106,0
DA:107,0
DA:109,1
DA:111,1
DA:112,1
DA:118,1
DA:120,1
DA:121,1
LF:42
LH:37
end_of_record
SF:lib/src/widgets/expanded_player.dart
DA:39,1
DA:47,2
DA:49,1
DA:51,1
DA:52,2
DA:54,1
DA:55,1
DA:56,1
DA:57,1
DA:58,1
DA:59,1
DA:60,1
DA:62,1
DA:63,1
DA:64,1
DA:68,1
DA:70,1
DA:76,1
DA:78,1
DA:80,1
DA:81,0
DA:83,0
DA:85,1
DA:87,1
DA:92,1
DA:94,0
DA:95,0
LF:27
LH:23
end_of_record
SF:lib/src/widgets/player_controls.dart
DA:25,1
DA:36,1
DA:38,1
DA:39,2
DA:41,1
DA:43,1
DA:44,1
DA:45,1
DA:47,1
DA:49,1
DA:52,1
DA:53,1
DA:54,1
DA:55,1
LF:14
LH:14
end_of_record
SF:lib/src/widgets/components/waveform_widget.dart
DA:18,0
DA:19,0
DA:25,0
DA:27,0
DA:28,0
DA:35,0
DA:37,0
DA:38,0
DA:39,0
DA:43,0
DA:45,0
DA:46,0
DA:49,0
DA:51,0
DA:54,0
DA:57,0
DA:58,0
DA:62,0
DA:64,0
DA:65,0
DA:67,0
DA:73,0
DA:75,0
DA:76,0
DA:78,0
DA:79,0
DA:80,0
DA:81,0
DA:82,0
DA:83,0
DA:84,0
DA:87,0
DA:88,0
DA:89,0
DA:100,0
DA:102,0
DA:104,0
DA:105,0
DA:115,0
DA:117,0
DA:119,0
DA:120,0
DA:121,0
DA:122,0
DA:123,0
DA:124,0
DA:125,0
DA:126,0
DA:127,0
DA:128,0
DA:129,0
DA:130,0
DA:136,0
DA:138,0
LF:54
LH:0
end_of_record
SF:lib/src/core/audio_player_service.dart
DA:16,0
DA:19,0
DA:20,0
DA:25,0
DA:26,0
DA:27,0
DA:28,0
DA:52,0
DA:53,0
DA:54,0
DA:55,0
DA:56,0
DA:57,0
DA:58,0
DA:59,0
DA:60,0
DA:61,0
DA:62,0
DA:63,0
DA:64,0
DA:65,0
DA:66,0
DA:67,0
DA:68,0
DA:69,0
DA:70,0
DA:71,0
DA:72,0
DA:73,0
DA:76,0
DA:77,0
DA:78,0
DA:79,0
DA:80,0
DA:81,0
DA:82,0
DA:83,0
DA:84,0
DA:85,0
DA:86,0
DA:87,0
DA:88,0
DA:89,0
DA:90,0
DA:91,0
DA:92,0
DA:93,0
DA:96,0
DA:97,0
DA:100,0
DA:101,0
DA:104,0
DA:105,0
DA:106,0
DA:107,0
DA:108,0
DA:109,0
DA:110,0
DA:111,0
DA:112,0
DA:113,0
DA:114,0
DA:115,0
DA:116,0
DA:121,0
DA:122,0
DA:123,0
DA:124,0
DA:125,0
DA:126,0
DA:127,0
DA:129,0
DA:132,0
DA:133,0
DA:134,0
DA:138,0
DA:139,0
DA:140,0
DA:141,0
DA:142,0
DA:143,0
DA:147,0
DA:150,0
DA:151,0
DA:152,0
DA:153,0
DA:156,0
DA:157,0
DA:158,0
DA:161,0
DA:164,0
DA:167,0
DA:172,0
DA:174,0
DA:175,0
DA:176,0
DA:177,0
DA:181,0
DA:182,0
DA:184,0
DA:187,0
DA:189,0
DA:190,0
DA:191,0
DA:192,0
DA:195,0
DA:197,0
DA:198,0
DA:199,0
DA:200,0
DA:203,0
DA:205,0
DA:206,0
DA:207,0
DA:208,0
DA:209,0
DA:212,0
DA:214,0
DA:215,0
DA:216,0
DA:217,0
DA:218,0
DA:219,0
DA:220,0
DA:223,0
DA:225,0
DA:226,0
DA:227,0
DA:228,0
DA:229,0
DA:231,0
DA:235,0
DA:236,0
DA:239,0
DA:240,0
DA:241,0
DA:242,0
DA:243,0
DA:244,0
DA:245,0
DA:246,0
DA:247,0
DA:248,0
DA:249,0
DA:250,0
DA:251,0
DA:252,0
DA:253,0
DA:254,0
DA:256,0
DA:257,0
DA:258,0
DA:259,0
DA:260,0
DA:263,0
DA:264,0
DA:267,0
DA:268,0
DA:269,0
DA:271,0
DA:273,0
DA:274,0
DA:275,0
DA:276,0
DA:277,0
DA:278,0
DA:279,0
DA:280,0
DA:281,0
DA:282,0
DA:283,0
DA:285,0
LF:172
LH:0
end_of_record
SF:lib/src/core/track_source_mapper.dart
DA:10,0
DA:11,0
DA:12,0
DA:13,0
DA:14,0
DA:15,0
DA:16,0
DA:17,0
DA:18,0
DA:21,0
DA:22,0
DA:23,0
DA:26,0
DA:27,0
DA:33,0
DA:34,0
LF:16
LH:0
end_of_record
SF:lib/src/widgets/components/artwork_widget.dart
DA:11,2
DA:18,2
DA:20,2
DA:21,2
DA:22,2
DA:23,2
DA:24,4
DA:25,6
DA:27,2
DA:28,0
DA:29,0
DA:30,0
DA:31,0
DA:33,0
DA:36,2
DA:40,4
DA:42,4
DA:43,4
LF:18
LH:13
end_of_record
SF:lib/src/widgets/components/control_buttons.dart
DA:17,2
DA:27,2
DA:29,2
DA:31,2
DA:32,2
DA:34,2
DA:35,5
DA:36,2
DA:38,4
DA:39,4
DA:42,6
DA:43,2
DA:45,4
DA:46,4
DA:49,5
DA:52,5
DA:53,5
DA:62,2
DA:64,2
DA:66,2
DA:67,4
DA:68,2
DA:69,2
DA:71,2
DA:74,0
DA:76,0
DA:79,2
DA:81,0
DA:82,0
DA:85,2
DA:87,0
DA:88,0
DA:91,2
DA:93,4
DA:94,4
DA:106,1
DA:108,1
DA:110,1
DA:111,2
DA:112,1
DA:113,1
DA:114,1
DA:115,1
DA:116,1
DA:118,1
DA:119,3
DA:120,0
DA:121,0
DA:123,0
DA:124,0
DA:125,0
DA:127,0
DA:138,1
DA:140,1
DA:142,1
DA:143,2
DA:144,1
DA:145,1
DA:146,1
DA:149,0
DA:150,3
DA:151,0
DA:161,1
DA:163,1
DA:165,1
DA:166,2
DA:167,1
DA:168,1
DA:169,1
DA:170,1
DA:171,4
DA:172,1
DA:173,1
DA:175,2
DA:176,2
DA:179,4
DA:190,1
DA:192,1
DA:194,1
DA:195,2
DA:196,1
DA:197,1
DA:198,1
DA:199,1
DA:200,3
DA:201,3
DA:202,1
DA:203,1
DA:208,2
DA:209,2
LF:90
LH:76
end_of_record
SF:lib/src/widgets/components/playlist_view.dart
DA:12,0
DA:14,0
DA:16,0
DA:17,0
DA:18,0
DA:19,0
DA:20,0
DA:21,0
DA:22,0
DA:23,0
DA:25,0
DA:26,0
DA:27,0
DA:31,0
DA:33,0
DA:34,0
DA:35,0
DA:36,0
DA:38,0
DA:39,0
DA:40,0
DA:41,0
DA:42,0
DA:44,0
DA:50,0
DA:51,0
DA:52,0
DA:53,0
DA:54,0
DA:58,0
DA:59,0
DA:60,0
DA:66,0
DA:67,0
DA:69,0
DA:74,0
LF:36
LH:0
end_of_record
SF:lib/src/widgets/components/seek_bar.dart
DA:12,2
DA:14,2
DA:16,2
DA:17,4
DA:18,2
DA:19,2
DA:20,4
DA:21,2
DA:22,2
DA:23,4
DA:24,2
DA:25,2
DA:26,2
DA:27,2
DA:28,2
DA:29,4
DA:30,4
DA:31,4
DA:32,6
DA:33,4
DA:34,4
LF:21
LH:21
end_of_record
SF:lib/src/widgets/components/track_info_widget.dart
DA:12,2
DA:19,2
DA:21,2
DA:22,6
DA:24,2
DA:26,2
DA:28,2
DA:29,2
DA:30,4
DA:31,4
DA:35,4
DA:37,0
DA:38,0
DA:39,0
LF:14
LH:11
end_of_record
